<?xml version="1.0" encoding="UTF-8"?>
<testng-results ignored="0" total="1" passed="1" failed="0" skipped="0">
  <reporter-output>
  </reporter-output>
  <suite started-at="2022-10-28T11:27:36 IST" name="Default suite" finished-at="2022-10-28T11:27:43 IST" duration-ms="7181">
    <groups>
    </groups>
    <test started-at="2022-10-28T11:27:36 IST" name="Default test" finished-at="2022-10-28T11:27:43 IST" duration-ms="7181">
      <class name="Test_POST">
        <test-method signature="test1_Post()[pri:0, instance:Test_POST@4803b726]" started-at="2022-10-28T11:27:36 IST" name="test1_Post" finished-at="2022-10-28T11:27:43 IST" duration-ms="7002" status="PASS">
          <reporter-output>
          </reporter-output>
        </test-method> <!-- test1_Post -->
      </class> <!-- Test_POST -->
    </test> <!-- Default test -->
  </suite> <!-- Default suite -->
</testng-results>
